<?xml version="1.0" encoding="UTF-8"?>
<testsuite name="calc.CalculatorTest" tests="1" skipped="0" failures="0" errors="0" timestamp="2021-09-07T12:19:26" hostname="DESKTOP-5D3VJFT" time="0.018">
  <properties/>
  <testcase name="testAdd()" classname="calc.CalculatorTest" time="0.018"/>
  <system-out><![CDATA[add
]]></system-out>
  <system-err><![CDATA[]]></system-err>
</testsuite>
