<?xml version="1.0" encoding="UTF-8"?>
<testsuite name="calc.CalcMainTest" tests="1" skipped="0" failures="0" errors="0" timestamp="2021-09-07T12:19:25" hostname="DESKTOP-5D3VJFT" time="0.019">
  <properties/>
  <testcase name="testMain()" classname="calc.CalcMainTest" time="0.019"/>
  <system-out><![CDATA[Hello
Student
2018
Solution: 42
]]></system-out>
  <system-err><![CDATA[]]></system-err>
</testsuite>
